Determining if the pthread_create exist failed with the following output:
Change Dir: /home/cluntraru/Documents/git-repos/FMI/Y3-S1/CGGC/tema1/CMakeFiles/CMakeTmp

Run Build Command:"/usr/bin/make" "cmTC_2baa4/fast"
/usr/bin/make -f CMakeFiles/cmTC_2baa4.dir/build.make CMakeFiles/cmTC_2baa4.dir/build
make[1]: Entering directory '/home/cluntraru/Documents/git-repos/FMI/Y3-S1/CGGC/tema1/CMakeFiles/CMakeTmp'
Building C object CMakeFiles/cmTC_2baa4.dir/CheckSymbolExists.c.o
/usr/bin/cc    -o CMakeFiles/cmTC_2baa4.dir/CheckSymbolExists.c.o   -c /home/cluntraru/Documents/git-repos/FMI/Y3-S1/CGGC/tema1/CMakeFiles/CMakeTmp/CheckSymbolExists.c
Linking C executable cmTC_2baa4
/usr/bin/cmake -E cmake_link_script CMakeFiles/cmTC_2baa4.dir/link.txt --verbose=1
/usr/bin/cc      -rdynamic CMakeFiles/cmTC_2baa4.dir/CheckSymbolExists.c.o  -o cmTC_2baa4 
/usr/bin/ld: CMakeFiles/cmTC_2baa4.dir/CheckSymbolExists.c.o: in function `main':
CheckSymbolExists.c:(.text+0x1b): undefined reference to `pthread_create'
collect2: error: ld returned 1 exit status
make[1]: *** [CMakeFiles/cmTC_2baa4.dir/build.make:87: cmTC_2baa4] Error 1
make[1]: Leaving directory '/home/cluntraru/Documents/git-repos/FMI/Y3-S1/CGGC/tema1/CMakeFiles/CMakeTmp'
make: *** [Makefile:121: cmTC_2baa4/fast] Error 2

File /home/cluntraru/Documents/git-repos/FMI/Y3-S1/CGGC/tema1/CMakeFiles/CMakeTmp/CheckSymbolExists.c:
/* */
#include <pthread.h>

int main(int argc, char** argv)
{
  (void)argv;
#ifndef pthread_create
  return ((int*)(&pthread_create))[argc];
#else
  (void)argc;
  return 0;
#endif
}

Determining if the function pthread_create exists in the pthreads failed with the following output:
Change Dir: /home/cluntraru/Documents/git-repos/FMI/Y3-S1/CGGC/tema1/CMakeFiles/CMakeTmp

Run Build Command:"/usr/bin/make" "cmTC_27bb6/fast"
/usr/bin/make -f CMakeFiles/cmTC_27bb6.dir/build.make CMakeFiles/cmTC_27bb6.dir/build
make[1]: Entering directory '/home/cluntraru/Documents/git-repos/FMI/Y3-S1/CGGC/tema1/CMakeFiles/CMakeTmp'
Building C object CMakeFiles/cmTC_27bb6.dir/CheckFunctionExists.c.o
/usr/bin/cc   -DCHECK_FUNCTION_EXISTS=pthread_create   -o CMakeFiles/cmTC_27bb6.dir/CheckFunctionExists.c.o   -c /usr/share/cmake-3.13/Modules/CheckFunctionExists.c
Linking C executable cmTC_27bb6
/usr/bin/cmake -E cmake_link_script CMakeFiles/cmTC_27bb6.dir/link.txt --verbose=1
/usr/bin/cc  -DCHECK_FUNCTION_EXISTS=pthread_create    -rdynamic CMakeFiles/cmTC_27bb6.dir/CheckFunctionExists.c.o  -o cmTC_27bb6 -lpthreads 
/usr/bin/ld: cannot find -lpthreads
collect2: error: ld returned 1 exit status
make[1]: *** [CMakeFiles/cmTC_27bb6.dir/build.make:87: cmTC_27bb6] Error 1
make[1]: Leaving directory '/home/cluntraru/Documents/git-repos/FMI/Y3-S1/CGGC/tema1/CMakeFiles/CMakeTmp'
make: *** [Makefile:121: cmTC_27bb6/fast] Error 2


